<?xml version="1.0" encoding="UTF-8"?>
<testsuite xmlns:xsi="http://www.w3.org/2001/XMLSchema-instance" xsi:noNamespaceSchemaLocation="https://maven.apache.org/surefire/maven-surefire-plugin/xsd/surefire-test-report.xsd" name="selenium.ExampleSeleniumTest" time="40.762" tests="2" errors="2" skipped="0" failures="0">
  <properties>
[...]
</properties>
  <testcase name="test1" classname="selenium.ExampleSeleniumTest" time="20.689">
    <error message="Timed out waiting for driver server to start.&#10;Build info: version: &apos;3.141.59&apos;, revision: &apos;e82be7d358&apos;, time: &apos;2018-11-14T08:17:03&apos;&#10;System info: host: &apos;kanouche-macbookpro.roam.corp.google.com&apos;, ip: &apos;fe80:0:0:0:c2d:c000:e004:a869%en0&apos;, os.name: &apos;Mac OS X&apos;, os.arch: &apos;x86_64&apos;, os.version: &apos;10.16&apos;, java.version: &apos;16&apos;&#10;Driver info: driver.version: ChromeDriver" type="org.openqa.selenium.WebDriverException">org.openqa.selenium.WebDriverException: 
Timed out waiting for driver server to start.
Build info: version: '3.141.59', revision: 'e82be7d358', time: '2018-11-14T08:17:03'
System info: host: 'kanouche-macbookpro.roam.corp.google.com', ip: 'fe80:0:0:0:c2d:c000:e004:a869%en0', os.name: 'Mac OS X', os.arch: 'x86_64', os.version: '10.16', java.version: '16'
Driver info: driver.version: ChromeDriver
	at selenium.ExampleSeleniumTest.setUp(ExampleSeleniumTest.java:36)
Caused by: org.openqa.selenium.net.UrlChecker$TimeoutException: Timed out waiting for [http://localhost:20052/status] to be available after 20002 ms
	at selenium.ExampleSeleniumTest.setUp(ExampleSeleniumTest.java:36)
Caused by: java.util.concurrent.TimeoutException
	at selenium.ExampleSeleniumTest.setUp(ExampleSeleniumTest.java:36)
</error>
    <system-err><![CDATA[SLF4J: Failed to load class "org.slf4j.impl.StaticLoggerBinder".
SLF4J: Defaulting to no-operation (NOP) logger implementation
SLF4J: See http://www.slf4j.org/codes.html#StaticLoggerBinder for further details.
Jul. 14, 2021 12:38:39 A.M. org.openqa.selenium.os.OsProcess checkForError
SEVERE: org.apache.commons.exec.ExecuteException: Process exited with an error: 137 (Exit value: 137)
]]></system-err>
  </testcase>
  <testcase name="test2" classname="selenium.ExampleSeleniumTest" time="20.031">
    <error message="Timed out waiting for driver server to start.&#10;Build info: version: &apos;3.141.59&apos;, revision: &apos;e82be7d358&apos;, time: &apos;2018-11-14T08:17:03&apos;&#10;System info: host: &apos;kanouche-macbookpro.roam.corp.google.com&apos;, ip: &apos;fe80:0:0:0:c2d:c000:e004:a869%en0&apos;, os.name: &apos;Mac OS X&apos;, os.arch: &apos;x86_64&apos;, os.version: &apos;10.16&apos;, java.version: &apos;16&apos;&#10;Driver info: driver.version: ChromeDriver" type="org.openqa.selenium.WebDriverException">org.openqa.selenium.WebDriverException: 
Timed out waiting for driver server to start.
Build info: version: '3.141.59', revision: 'e82be7d358', time: '2018-11-14T08:17:03'
System info: host: 'kanouche-macbookpro.roam.corp.google.com', ip: 'fe80:0:0:0:c2d:c000:e004:a869%en0', os.name: 'Mac OS X', os.arch: 'x86_64', os.version: '10.16', java.version: '16'
Driver info: driver.version: ChromeDriver
	at selenium.ExampleSeleniumTest.setUp(ExampleSeleniumTest.java:36)
Caused by: org.openqa.selenium.net.UrlChecker$TimeoutException: Timed out waiting for [http://localhost:45247/status] to be available after 20004 ms
	at selenium.ExampleSeleniumTest.setUp(ExampleSeleniumTest.java:36)
Caused by: java.util.concurrent.TimeoutException
	at selenium.ExampleSeleniumTest.setUp(ExampleSeleniumTest.java:36)
</error>
    <system-err><![CDATA[Jul. 14, 2021 12:38:59 A.M. org.openqa.selenium.os.OsProcess checkForError
SEVERE: org.apache.commons.exec.ExecuteException: Process exited with an error: 137 (Exit value: 137)
]]></system-err>
  </testcase>
</testsuite>